#
# A fatal error has been detected by the Java Runtime Environment:
#
#  EXCEPTION_ACCESS_VIOLATION (0xc0000005) at pc=0x6d950c91, pid=3740, tid=5520
#
# JRE version: 6.0_45-b06
# Java VM: Java HotSpot(TM) Client VM (20.45-b01 mixed mode windows-x86 )
# Problematic frame:
# V  [jvm.dll+0x70c91]
#
# If you would like to submit a bug report, please visit:
#   http://java.sun.com/webapps/bugreport/crash.jsp
#

---------------  T H R E A D  ---------------

Current thread (0x196de000):  JavaThread "AWT-EventQueue-0" [_thread_in_vm, id=5520, stack(0x194a0000,0x194f0000)]

siginfo: ExceptionCode=0xc0000005, reading address 0x00340037

Registers:
EAX=0x000000f0, EBX=0x00000032, ECX=0x155f3f98, EDX=0x02495924
ESP=0x194ebb1c, EBP=0x194ebc4c, ESI=0x024955a4, EDI=0x00340033
EIP=0x6d950c91, EFLAGS=0x00010206

Top of Stack: (sp=0x194ebb1c)
0x194ebb1c:   02495590 196de000 00000032 00000001
0x194ebb2c:   1972fa00 02495130 0249551c 024955dc
0x194ebb3c:   02588660 0277e608 194ebb78 6d9ed482
0x194ebb4c:   194ebb70 02777e88 00000001 00000001
0x194ebb5c:   02495130 196de000 196de000 145a4128
0x194ebb6c:   026be708 024955d4 00000000 194ebb9c
0x194ebb7c:   196de000 196de000 145a41a8 194ebb9c
0x194ebb8c:   6d9ed972 145a4128 196de000 154b4ea8 

Instructions: (pc=0x6d950c91)
0x6d950c71:   8b ec 81 ec 24 01 00 00 53 8b 5d 0c 56 8b 75 08
0x6d950c81:   8b 0e 8d 04 9d 28 00 00 00 57 8b 3c 08 89 45 f8
0x6d950c91:   8b 47 04 8b 50 08 8d 48 08 ff 92 88 00 00 00 84
0x6d950ca1:   c0 0f 85 da 03 00 00 8b 7d 10 6a 01 88 45 0b 88 


Register to memory mapping:

EAX=0x000000f0 is an unknown value
EBX=0x00000032 is an unknown value
ECX=0x155f3f98 is an oop
{constant pool} 
 - klass: {other class}
 - cache: 0x155f4198
 -   1 :  : 'xy/reflect/ui/control/swing/SwingCustomizer$CustomizationTools$2$1'
 -   2 :  : 'xy/reflect/ui/control/swing/SwingCustomizer$CustomizationTools$2$1'
 -   3 :  : 'xy/reflect/ui/info/type/util/TypeInfoProxyFactory' {0x149f1a58}
 -   4 :  : 'xy/reflect/ui/info/type/util/TypeInfoProxyFactory'
 -   5 :  : 'this$2'
 -   6 :  : 'Lxy/reflect/ui/control/swing/SwingCustomizer$CustomizationTools$2;'
 -   7 :  : '<init>'
 -   8 :  : '(Lxy/reflect/ui/control/swing/SwingCustomizer$CustomizationTools$2;)V'
 -   9 :  : 'Code'
 -  10 :  : klass_index=1 name_and_type_index=11
 -  11 :  : name_index=5 signature_index=6
 -  12 :  : klass_index=3 name_and_type_index=13
 -  13 :  : name_index=7 signature_index=14
 -  14 :  : '()V'
 -  15 :  : 'LineNumberTable'
 -  16 :  : 'LocalVariableTable'
 -  17 :  : 'this'
 -  18 :  : 'Lxy/reflect/ui/control/swing/SwingCustomizer$CustomizationTools$2$1;'
 -  19 :  : 'getFields'
 -  20 :  : '(Lxy/reflect/ui/info/type/ITypeInfo;)Ljava/util/List;'
 -  21 :  : 'Signature'
 -  22 :  : '(Lxy/reflect/ui/info/type/ITypeInfo;)Ljava/util/List<Lxy/reflect/ui/info/field/IFieldInfo;>;'
 -  23 :  : klass_index=24 name_and_type_index=26
 -  24 :  : 'xy/reflect/ui/info/type/ITypeInfo' {0x147fe050}
 -  25 :  : 'xy/reflect/ui/info/type/ITypeInfo'
 -  26 :  : name_index=27 signature_index=28
 -  27 :  : 'getName'
 -  28 :  : '()Ljava/lang/String;'
 -  29 :  : 'xy/reflect/ui/info/type/util/InfoCustomizations$TypeCustomization' {0x149fa7b8}
 -  30 :  : 'xy/reflect/ui/info/type/util/InfoCustomizations$TypeCustomization'
 -  31 :  : klass_index=32 name_and_type_index=26
 -  32 :  : 'java/lang/Class' {0x145a8050}
 -  33 :  : 'java/lang/Class'
 -  34 :  : klass_index=35 name_and_type_index=37
 -  35 :  : 'java/lang/String' {0x1459d768}
 -  36 :  : 'java/lang/String'
 -  37 :  : name_index=38 signature_index=39
 -  38 :  : 'equals'
 -  39 :  : '(Ljava/lang/Object;)Z'
 -  40 :  : 'java/util/ArrayList' {0x146e7a30}
 -  41 :  : 'java/util/ArrayList'
 -  42 :  : klass_index=3 name_and_type_index=43
 -  43 :  : name_index=19 signature_index=20
 -  44 :  : klass_index=40 name_and_type_index=45
 -  45 :  : name_index=7 signature_index=46
 -  46 :  : '(Ljava/util/Collection;)V'
 -  47 :  : klass_index=48 name_and_type_index=50
 -  48 :  : 'xy/reflect/ui/control/swing/SwingCustomizer$CustomizationTools$2'
 -  49 :  : 'xy/reflect/ui/control/swing/SwingCustomizer$CustomizationTools$2'
 -  50 :  : name_index=51 signature_index=52
 -  51 :  : 'access$0'
 -  52 :  : '(Lxy/reflect/ui/control/swing/SwingCustomizer$CustomizationTools$2;)Lxy/reflect/ui/control/swing/SwingCustomizer$CustomizationTools;'
 -  53 :  : klass_index=54 name_and_type_index=56
 -  54 :  : 'xy/reflect/ui/control/swing/SwingCustomizer$CustomizationTools'
 -  55 :  : 'xy/reflect/ui/control/swing/SwingCustomizer$CustomizationTools'
 -  56 :  : name_index=57 signature_index=58
 -  57 :  : 'getTypeIconImageFileField'
 -  58 :  : '()Lxy/reflect/ui/info/field/IFieldInfo;'
 -  59 :  : klass_index=60 name_and_type_index=62
 -  60 :  : 'java/util/List'
 -  61 :  : 'java/util/List'
 -  62 :  : name_index=63 signature_index=39
 -  63 :  : 'add'
 -  64 :  : 'xy/reflect/ui/info/type/util/InfoCustomizations$FieldCustomization' {0x149f7f30}
 -  65 :  : 'xy/reflect/ui/info/type/util/InfoCustomizations$FieldCustomization'
 -  66 :  : klass_index=54 name_and_type_index=67
 -  67 :  : name_index=68 signature_index=58
 -  68 :  : 'getEmbeddedFormCreationField'
 -  69 :  : 'type'
 -  70 :  : 'Lxy/reflect/ui/info/type/ITypeInfo;'
 -  71 :  : 'result'
 -  72 :  : 'Ljava/util/List;'
 -  73 :  : 'LocalVariableTypeTable'
 -  74 :  : 'Ljava/util/List<Lxy/reflect/ui/info/field/IFieldInfo;>;'
 -  75 :  : 'StackMapTable'
 -  76 :  : 'SourceFile'
 -  77 :  : 'SwingCustomizer.java'
 -  78 :  : 'EnclosingMethod'
 -  79 :  : name_index=80 signature_index=81
 -  80 :  : 'getTypeInfo'
 -  81 :  : '(Lxy/reflect/ui/info/type/source/ITypeInfoSource;)Lxy/reflect/ui/info/type/ITypeInfo;'
 -  82 :  : 'InnerClasses'
 -  83 :  : 'xy/reflect/ui/control/swing/SwingCustomizer'
 -  84 :  : 'xy/reflect/ui/control/swing/SwingCustomizer'
 -  85 :  : 'CustomizationTools'
 -  86 :  : 'xy/reflect/ui/info/type/util/InfoCustomizations'
 -  87 :  : 'xy/reflect/ui/info/type/util/InfoCustomizations'
 -  88 :  : 'FieldCustomization'
 -  89 :  : 'TypeCustomization'
 -  90 :  : 'xy/reflect/ui/info/type/DefaultTypeInfo' {0x14c41d28}
 -  91 :  : 'xy/reflect/ui/info/type/DefaultTypeInfo'

EDX=0x02495924 is an unknown value
ESP=0x194ebb1c is pointing into the stack for thread: 0x196de000
EBP=0x194ebc4c is pointing into the stack for thread: 0x196de000
ESI=0x024955a4 is an unknown value
EDI=0x00340033 is an unknown value


Stack: [0x194a0000,0x194f0000],  sp=0x194ebb1c,  free space=302k
Native frames: (J=compiled Java code, j=interpreted, Vv=VM code, C=native code)
V  [jvm.dll+0x70c91]
V  [jvm.dll+0x48cbf]
V  [jvm.dll+0xbfe5a]
J  java.lang.Class.getEnclosingMethod0()[Ljava/lang/Object;
J  java.lang.Class.getEnclosingMethod()Ljava/lang/reflect/Method;
j  xy.reflect.ui.info.type.util.TypeInfoProxyFactory.getFields(Lxy/reflect/ui/info/type/ITypeInfo;)Ljava/util/List;+43
j  xy.reflect.ui.control.swing.SwingCustomizer$CustomizationTools$2$1.getFields(Lxy/reflect/ui/info/type/ITypeInfo;)Ljava/util/List;+79
j  xy.reflect.ui.info.type.util.TypeInfoProxyFactory$GeneratedBasicTypeInfoProxy.getFields()Ljava/util/List;+8
J  xy.reflect.ui.info.type.util.TypeInfoProxyFactory.getFields(Lxy/reflect/ui/info/type/ITypeInfo;)Ljava/util/List;
j  xy.reflect.ui.util.SwingRendererUtils.isFormEmpty(Lxy/reflect/ui/info/type/ITypeInfo;Lxy/reflect/ui/info/IInfoCollectionSettings;Lxy/reflect/ui/control/swing/SwingRenderer;)Z+1
j  xy.reflect.ui.util.SwingRendererUtils.isObjectDisplayEmpty(Ljava/lang/Object;Lxy/reflect/ui/info/IInfoCollectionSettings;Lxy/reflect/ui/control/swing/SwingRenderer;)Z+32
j  xy.reflect.ui.control.swing.ListControl.hasItemDetails(Lxy/reflect/ui/control/swing/ListControl$AutoFieldValueUpdatingItemPosition;)Z+28
j  xy.reflect.ui.control.swing.ListControl$22.isValid()Z+17
j  xy.reflect.ui.control.swing.ListControl$AbstractStandardListAction.isEnabled()Z+1
j  xy.reflect.ui.control.swing.ListControl.createTool(Ljava/lang/String;Ljavax/swing/Icon;ZZ[Ljavax/swing/AbstractAction;)Ljavax/swing/JButton;+57
j  xy.reflect.ui.control.swing.ListControl.updateToolbar()V+72
j  xy.reflect.ui.control.swing.ListControl$2.run()V+4
j  xy.reflect.ui.control.swing.ListControl.fireSelectionEvent()V+24
j  xy.reflect.ui.control.swing.ListControl$23.valueChanged(Ljavax/swing/event/TreeSelectionEvent;)V+15
j  javax.swing.JTree.fireValueChanged(Ljavax/swing/event/TreeSelectionEvent;)V+35
j  javax.swing.JTree$TreeSelectionRedirector.valueChanged(Ljavax/swing/event/TreeSelectionEvent;)V+17
j  javax.swing.tree.DefaultTreeSelectionModel.fireValueChanged(Ljavax/swing/event/TreeSelectionEvent;)V+35
j  javax.swing.tree.DefaultTreeSelectionModel.notifyPathChange(Ljava/util/Vector;Ljavax/swing/tree/TreePath;)V+84
j  javax.swing.tree.DefaultTreeSelectionModel.setSelectionPaths([Ljavax/swing/tree/TreePath;)V+454
j  org.jdesktop.swingx.JXTreeTable$ListToTreeSelectionModelWrapper.updateSelectedPathsFromSelectedRows()V+127
j  org.jdesktop.swingx.JXTreeTable$ListToTreeSelectionModelWrapper$ListSelectionHandler.valueChanged(Ljavax/swing/event/ListSelectionEvent;)V+11
j  javax.swing.DefaultListSelectionModel.fireValueChanged(IIZ)V+65
j  javax.swing.DefaultListSelectionModel.fireValueChanged(Z)V+34
j  javax.swing.DefaultListSelectionModel.setValueIsAdjusting(Z)V+15
j  javax.swing.plaf.basic.BasicTableUI$Handler.setValueIsAdjusting(Z)V+11
j  javax.swing.plaf.basic.BasicTableUI$Handler.mouseReleased(Ljava/awt/event/MouseEvent;)V+68
j  java.awt.AWTEventMulticaster.mouseReleased(Ljava/awt/event/MouseEvent;)V+21
j  java.awt.AWTEventMulticaster.mouseReleased(Ljava/awt/event/MouseEvent;)V+8
j  java.awt.AWTEventMulticaster.mouseReleased(Ljava/awt/event/MouseEvent;)V+8
j  java.awt.AWTEventMulticaster.mouseReleased(Ljava/awt/event/MouseEvent;)V+8
j  java.awt.Component.processMouseEvent(Ljava/awt/event/MouseEvent;)V+64
j  javax.swing.JComponent.processMouseEvent(Ljava/awt/event/MouseEvent;)V+23
j  org.jdesktop.swingx.JXTreeTable.processMouseEvent(Ljava/awt/event/MouseEvent;)V+55
J  java.awt.Component.processEvent(Ljava/awt/AWTEvent;)V
V  [jvm.dll+0xfb88b]
V  [jvm.dll+0x18d551]
V  [jvm.dll+0xfb90d]
V  [jvm.dll+0xbbf74]
C  [java.dll+0x102f]  Java_java_security_AccessController_doPrivileged__Ljava_security_PrivilegedAction_2Ljava_security_AccessControlContext_2+0x17
J  java.security.AccessControlContext$1.doIntersectionPrivilege(Ljava/security/PrivilegedAction;Ljava/security/AccessControlContext;Ljava/security/AccessControlContext;)Ljava/lang/Object;
V  [jvm.dll+0xfb88b]
V  [jvm.dll+0x18d551]
V  [jvm.dll+0xfb90d]
V  [jvm.dll+0xbbf74]
C  [java.dll+0x102f]  Java_java_security_AccessController_doPrivileged__Ljava_security_PrivilegedAction_2Ljava_security_AccessControlContext_2+0x17
J  java.awt.EventQueue.dispatchEvent(Ljava/awt/AWTEvent;)V
j  java.awt.Dialog$1.run()V+23
j  java.awt.Dialog$3.run()Ljava/lang/Object;+4
v  ~StubRoutines::call_stub
V  [jvm.dll+0xfb88b]
V  [jvm.dll+0x18d551]
V  [jvm.dll+0xfb90d]
V  [jvm.dll+0xbbf74]
C  [java.dll+0x1015]  Java_java_security_AccessController_doPrivileged__Ljava_security_PrivilegedAction_2+0x15
j  java.awt.Dialog.show()V+240
j  java.awt.Component.show(Z)V+5
j  java.awt.Component.setVisible(Z)V+2
j  java.awt.Window.setVisible(Z)V+2
j  java.awt.Dialog.setVisible(Z)V+2
j  xy.reflect.ui.control.swing.SwingRenderer.showDialog(Ljavax/swing/JDialog;ZZ)V+30
j  xy.reflect.ui.control.swing.SwingRenderer.showDialog(Ljavax/swing/JDialog;Z)V+4
j  xy.reflect.ui.control.swing.SwingCustomizer$CustomizationTools.openCustomizationDialog(Ljava/awt/Component;Ljava/lang/Object;Ljava/lang/String;)V+69
j  xy.reflect.ui.control.swing.SwingCustomizer$CustomizationTools.openTypeCustomizationDialog(Ljava/awt/Component;Lxy/reflect/ui/info/type/util/InfoCustomizations$TypeCustomization;)V+7
j  xy.reflect.ui.control.swing.SwingCustomizer$CustomizationTools$6.actionPerformed(Ljava/awt/event/ActionEvent;)V+12
j  javax.swing.AbstractButton.fireActionPerformed(Ljava/awt/event/ActionEvent;)V+84
j  javax.swing.AbstractButton$Handler.actionPerformed(Ljava/awt/event/ActionEvent;)V+5
j  javax.swing.DefaultButtonModel.fireActionPerformed(Ljava/awt/event/ActionEvent;)V+35
j  javax.swing.DefaultButtonModel.setPressed(Z)V+117
j  javax.swing.plaf.basic.BasicButtonListener.mouseReleased(Ljava/awt/event/MouseEvent;)V+35
j  java.awt.AWTEventMulticaster.mouseReleased(Ljava/awt/event/MouseEvent;)V+8
j  java.awt.Component.processMouseEvent(Ljava/awt/event/MouseEvent;)V+64
j  javax.swing.JComponent.processMouseEvent(Ljava/awt/event/MouseEvent;)V+23
J  java.awt.Component.processEvent(Ljava/awt/AWTEvent;)V
V  [jvm.dll+0xfb88b]
V  [jvm.dll+0x18d551]
V  [jvm.dll+0xfb90d]
V  [jvm.dll+0xbbf74]
C  [java.dll+0x102f]  Java_java_security_AccessController_doPrivileged__Ljava_security_PrivilegedAction_2Ljava_security_AccessControlContext_2+0x17
J  java.security.AccessControlContext$1.doIntersectionPrivilege(Ljava/security/PrivilegedAction;Ljava/security/AccessControlContext;Ljava/security/AccessControlContext;)Ljava/lang/Object;
V  [jvm.dll+0xfb88b]
V  [jvm.dll+0x18d551]
V  [jvm.dll+0xfb90d]
V  [jvm.dll+0xbbf74]
C  [java.dll+0x102f]  Java_java_security_AccessController_doPrivileged__Ljava_security_PrivilegedAction_2Ljava_security_AccessControlContext_2+0x17
J  java.awt.EventQueue.dispatchEvent(Ljava/awt/AWTEvent;)V
j  java.awt.Dialog$1.run()V+23
j  java.awt.Dialog$3.run()Ljava/lang/Object;+4
v  ~StubRoutines::call_stub
V  [jvm.dll+0xfb88b]
V  [jvm.dll+0x18d551]
V  [jvm.dll+0xfb90d]
V  [jvm.dll+0xbbf74]
C  [java.dll+0x1015]  Java_java_security_AccessController_doPrivileged__Ljava_security_PrivilegedAction_2+0x15
j  java.awt.Dialog.show()V+240
j  java.awt.Component.show(Z)V+5
...<more frames>...

Java frames: (J=compiled Java code, j=interpreted, Vv=VM code)
J  java.lang.Class.getEnclosingMethod0()[Ljava/lang/Object;
J  java.lang.Class.getEnclosingMethod()Ljava/lang/reflect/Method;
J  xy.reflect.ui.info.type.util.TypeInfoProxyFactory.getSpecificProperties(Lxy/reflect/ui/info/field/IFieldInfo;Lxy/reflect/ui/info/type/ITypeInfo;)Ljava/util/Map;
j  xy.reflect.ui.info.type.util.TypeInfoProxyFactory$GeneratedFieldInfoProxy.<init>(Lxy/reflect/ui/info/type/util/TypeInfoProxyFactory;Lxy/reflect/ui/info/field/IFieldInfo;Lxy/reflect/ui/info/type/ITypeInfo;)V+27
j  xy.reflect.ui.info.type.util.TypeInfoProxyFactory.getFields(Lxy/reflect/ui/info/type/ITypeInfo;)Ljava/util/List;+43
j  xy.reflect.ui.control.swing.SwingCustomizer$CustomizationTools$2$1.getFields(Lxy/reflect/ui/info/type/ITypeInfo;)Ljava/util/List;+79
j  xy.reflect.ui.info.type.util.TypeInfoProxyFactory$GeneratedBasicTypeInfoProxy.getFields()Ljava/util/List;+8
J  xy.reflect.ui.info.type.util.TypeInfoProxyFactory.getFields(Lxy/reflect/ui/info/type/ITypeInfo;)Ljava/util/List;
J  xy.reflect.ui.info.type.util.InfoCustomizations$MyTypeInfoProxyFactory.getFields(Lxy/reflect/ui/info/type/ITypeInfo;)Ljava/util/List;
j  xy.reflect.ui.info.type.util.TypeInfoProxyFactory$GeneratedBasicTypeInfoProxy.getFields()Ljava/util/List;+8
j  xy.reflect.ui.util.SwingRendererUtils.isFormEmpty(Lxy/reflect/ui/info/type/ITypeInfo;Lxy/reflect/ui/info/IInfoCollectionSettings;Lxy/reflect/ui/control/swing/SwingRenderer;)Z+1
j  xy.reflect.ui.util.SwingRendererUtils.isObjectDisplayEmpty(Ljava/lang/Object;Lxy/reflect/ui/info/IInfoCollectionSettings;Lxy/reflect/ui/control/swing/SwingRenderer;)Z+32
j  xy.reflect.ui.control.swing.ListControl.hasItemDetails(Lxy/reflect/ui/control/swing/ListControl$AutoFieldValueUpdatingItemPosition;)Z+28
j  xy.reflect.ui.control.swing.ListControl$22.isValid()Z+17
j  xy.reflect.ui.control.swing.ListControl$AbstractStandardListAction.isEnabled()Z+1
j  xy.reflect.ui.control.swing.ListControl.createTool(Ljava/lang/String;Ljavax/swing/Icon;ZZ[Ljavax/swing/AbstractAction;)Ljavax/swing/JButton;+57
j  xy.reflect.ui.control.swing.ListControl.updateToolbar()V+72
j  xy.reflect.ui.control.swing.ListControl$2.run()V+4
j  xy.reflect.ui.control.swing.ListControl.fireSelectionEvent()V+24
j  xy.reflect.ui.control.swing.ListControl$23.valueChanged(Ljavax/swing/event/TreeSelectionEvent;)V+15
j  javax.swing.JTree.fireValueChanged(Ljavax/swing/event/TreeSelectionEvent;)V+35
j  javax.swing.JTree$TreeSelectionRedirector.valueChanged(Ljavax/swing/event/TreeSelectionEvent;)V+17
j  javax.swing.tree.DefaultTreeSelectionModel.fireValueChanged(Ljavax/swing/event/TreeSelectionEvent;)V+35
j  javax.swing.tree.DefaultTreeSelectionModel.notifyPathChange(Ljava/util/Vector;Ljavax/swing/tree/TreePath;)V+84
j  javax.swing.tree.DefaultTreeSelectionModel.setSelectionPaths([Ljavax/swing/tree/TreePath;)V+454
j  org.jdesktop.swingx.JXTreeTable$ListToTreeSelectionModelWrapper.updateSelectedPathsFromSelectedRows()V+127
j  org.jdesktop.swingx.JXTreeTable$ListToTreeSelectionModelWrapper$ListSelectionHandler.valueChanged(Ljavax/swing/event/ListSelectionEvent;)V+11
j  javax.swing.DefaultListSelectionModel.fireValueChanged(IIZ)V+65
j  javax.swing.DefaultListSelectionModel.fireValueChanged(Z)V+34
j  javax.swing.DefaultListSelectionModel.setValueIsAdjusting(Z)V+15
j  javax.swing.plaf.basic.BasicTableUI$Handler.setValueIsAdjusting(Z)V+11
j  javax.swing.plaf.basic.BasicTableUI$Handler.mouseReleased(Ljava/awt/event/MouseEvent;)V+68
j  java.awt.AWTEventMulticaster.mouseReleased(Ljava/awt/event/MouseEvent;)V+21
j  java.awt.AWTEventMulticaster.mouseReleased(Ljava/awt/event/MouseEvent;)V+8
j  java.awt.AWTEventMulticaster.mouseReleased(Ljava/awt/event/MouseEvent;)V+8
j  java.awt.AWTEventMulticaster.mouseReleased(Ljava/awt/event/MouseEvent;)V+8
j  java.awt.Component.processMouseEvent(Ljava/awt/event/MouseEvent;)V+64
j  javax.swing.JComponent.processMouseEvent(Ljava/awt/event/MouseEvent;)V+23
j  org.jdesktop.swingx.JXTreeTable.processMouseEvent(Ljava/awt/event/MouseEvent;)V+55
J  java.awt.Component.processEvent(Ljava/awt/AWTEvent;)V
J  java.awt.Container.processEvent(Ljava/awt/AWTEvent;)V
J  java.awt.Component.dispatchEventImpl(Ljava/awt/AWTEvent;)V
J  java.awt.Container.dispatchEventImpl(Ljava/awt/AWTEvent;)V
J  java.awt.LightweightDispatcher.retargetMouseEvent(Ljava/awt/Component;ILjava/awt/event/MouseEvent;)V
J  java.awt.LightweightDispatcher.processMouseEvent(Ljava/awt/event/MouseEvent;)Z
J  java.awt.LightweightDispatcher.dispatchEvent(Ljava/awt/AWTEvent;)Z
J  java.awt.Container.dispatchEventImpl(Ljava/awt/AWTEvent;)V
J  java.awt.Window.dispatchEventImpl(Ljava/awt/AWTEvent;)V
J  java.awt.EventQueue.dispatchEventImpl(Ljava/awt/AWTEvent;Ljava/lang/Object;)V
J  java.awt.EventQueue$2.run()Ljava/lang/Object;
v  ~StubRoutines::call_stub
J  java.security.AccessController.doPrivileged(Ljava/security/PrivilegedAction;Ljava/security/AccessControlContext;)Ljava/lang/Object;
J  java.security.AccessControlContext$1.doIntersectionPrivilege(Ljava/security/PrivilegedAction;Ljava/security/AccessControlContext;Ljava/security/AccessControlContext;)Ljava/lang/Object;
J  java.awt.EventQueue$3.run()Ljava/lang/Object;
v  ~StubRoutines::call_stub
J  java.security.AccessController.doPrivileged(Ljava/security/PrivilegedAction;Ljava/security/AccessControlContext;)Ljava/lang/Object;
J  java.awt.EventQueue.dispatchEvent(Ljava/awt/AWTEvent;)V
J  java.awt.EventDispatchThread.pumpOneEventForFilters(I)Z
J  java.awt.EventDispatchThread.pumpEventsForFilter(ILjava/awt/Conditional;Ljava/awt/EventFilter;)V
j  java.awt.EventDispatchThread.pumpEventsForFilter(Ljava/awt/Conditional;Ljava/awt/EventFilter;)V+4
j  java.awt.Dialog$1.run()V+23
j  java.awt.Dialog$3.run()Ljava/lang/Object;+4
v  ~StubRoutines::call_stub
j  java.security.AccessController.doPrivileged(Ljava/security/PrivilegedAction;)Ljava/lang/Object;+0
j  java.awt.Dialog.show()V+240
j  java.awt.Component.show(Z)V+5
j  java.awt.Component.setVisible(Z)V+2
j  java.awt.Window.setVisible(Z)V+2
j  java.awt.Dialog.setVisible(Z)V+2
j  xy.reflect.ui.control.swing.SwingRenderer.showDialog(Ljavax/swing/JDialog;ZZ)V+30
j  xy.reflect.ui.control.swing.SwingRenderer.showDialog(Ljavax/swing/JDialog;Z)V+4
j  xy.reflect.ui.control.swing.SwingCustomizer$CustomizationTools.openCustomizationDialog(Ljava/awt/Component;Ljava/lang/Object;Ljava/lang/String;)V+69
j  xy.reflect.ui.control.swing.SwingCustomizer$CustomizationTools.openTypeCustomizationDialog(Ljava/awt/Component;Lxy/reflect/ui/info/type/util/InfoCustomizations$TypeCustomization;)V+7
j  xy.reflect.ui.control.swing.SwingCustomizer$CustomizationTools$6.actionPerformed(Ljava/awt/event/ActionEvent;)V+12
j  javax.swing.AbstractButton.fireActionPerformed(Ljava/awt/event/ActionEvent;)V+84
j  javax.swing.AbstractButton$Handler.actionPerformed(Ljava/awt/event/ActionEvent;)V+5
j  javax.swing.DefaultButtonModel.fireActionPerformed(Ljava/awt/event/ActionEvent;)V+35
j  javax.swing.DefaultButtonModel.setPressed(Z)V+117
j  javax.swing.plaf.basic.BasicButtonListener.mouseReleased(Ljava/awt/event/MouseEvent;)V+35
j  java.awt.AWTEventMulticaster.mouseReleased(Ljava/awt/event/MouseEvent;)V+8
j  java.awt.Component.processMouseEvent(Ljava/awt/event/MouseEvent;)V+64
j  javax.swing.JComponent.processMouseEvent(Ljava/awt/event/MouseEvent;)V+23
J  java.awt.Component.processEvent(Ljava/awt/AWTEvent;)V
J  java.awt.Container.processEvent(Ljava/awt/AWTEvent;)V
J  java.awt.Component.dispatchEventImpl(Ljava/awt/AWTEvent;)V
J  java.awt.Container.dispatchEventImpl(Ljava/awt/AWTEvent;)V
J  java.awt.LightweightDispatcher.retargetMouseEvent(Ljava/awt/Component;ILjava/awt/event/MouseEvent;)V
J  java.awt.LightweightDispatcher.processMouseEvent(Ljava/awt/event/MouseEvent;)Z
J  java.awt.LightweightDispatcher.dispatchEvent(Ljava/awt/AWTEvent;)Z
J  java.awt.Container.dispatchEventImpl(Ljava/awt/AWTEvent;)V
J  java.awt.Window.dispatchEventImpl(Ljava/awt/AWTEvent;)V
J  java.awt.EventQueue.dispatchEventImpl(Ljava/awt/AWTEvent;Ljava/lang/Object;)V
J  java.awt.EventQueue$2.run()Ljava/lang/Object;
v  ~StubRoutines::call_stub
J  java.security.AccessController.doPrivileged(Ljava/security/PrivilegedAction;Ljava/security/AccessControlContext;)Ljava/lang/Object;
J  java.security.AccessControlContext$1.doIntersectionPrivilege(Ljava/security/PrivilegedAction;Ljava/security/AccessControlContext;Ljava/security/AccessControlContext;)Ljava/lang/Object;
J  java.awt.EventQueue$3.run()Ljava/lang/Object;
v  ~StubRoutines::call_stub
J  java.security.AccessController.doPrivileged(Ljava/security/PrivilegedAction;Ljava/security/AccessControlContext;)Ljava/lang/Object;
J  java.awt.EventQueue.dispatchEvent(Ljava/awt/AWTEvent;)V
J  java.awt.EventDispatchThread.pumpOneEventForFilters(I)Z
J  java.awt.EventDispatchThread.pumpEventsForFilter(ILjava/awt/Conditional;Ljava/awt/EventFilter;)V
j  java.awt.EventDispatchThread.pumpEventsForFilter(Ljava/awt/Conditional;Ljava/awt/EventFilter;)V+4
j  java.awt.Dialog$1.run()V+23
j  java.awt.Dialog$3.run()Ljava/lang/Object;+4
v  ~StubRoutines::call_stub
j  java.security.AccessController.doPrivileged(Ljava/security/PrivilegedAction;)Ljava/lang/Object;+0
j  java.awt.Dialog.show()V+240
j  java.awt.Component.show(Z)V+5
j  java.awt.Component.setVisible(Z)V+2
j  java.awt.Window.setVisible(Z)V+2
j  java.awt.Dialog.setVisible(Z)V+2
j  xy.reflect.ui.control.swing.SwingRenderer.showDialog(Ljavax/swing/JDialog;ZZ)V+30
j  xy.reflect.ui.control.swing.SwingRenderer.showDialog(Ljavax/swing/JDialog;Z)V+4
j  xy.reflect.ui.control.swing.ListControl.openDetailsDialog(Lxy/reflect/ui/control/swing/ListControl$AutoFieldValueUpdatingItemPosition;[Ljava/lang/Object;)Lxy/reflect/ui/control/swing/ObjectDialogBuilder;+108
j  xy.reflect.ui.control.swing.ListControl$22.perform([Ljava/util/List;)Z+26
j  xy.reflect.ui.control.swing.ListControl$AbstractStandardListAction$1$1.get()Ljava/lang/Boolean;+11
j  xy.reflect.ui.control.swing.ListControl$AbstractStandardListAction$1$1.get()Ljava/lang/Object;+1
j  xy.reflect.ui.undo.ModificationStack.insideComposite(Lxy/reflect/ui/info/IInfo;Ljava/lang/String;Lxy/reflect/ui/undo/UndoOrder;Lxy/reflect/ui/util/Accessor;)Z+6
j  xy.reflect.ui.control.swing.ListControl$AbstractStandardListAction$1.get()Ljava/lang/Boolean;+51
j  xy.reflect.ui.control.swing.ListControl$AbstractStandardListAction$1.get()Ljava/lang/Object;+1
j  xy.reflect.ui.undo.ModificationStack.insideComposite(Lxy/reflect/ui/info/IInfo;Ljava/lang/String;Lxy/reflect/ui/undo/UndoOrder;Lxy/reflect/ui/util/Accessor;)Z+6
j  xy.reflect.ui.control.swing.ListControl$AbstractStandardListAction.actionPerformed(Ljava/awt/event/ActionEvent;)V+103
j  xy.reflect.ui.control.swing.ListControl$31.mouseClicked(Ljava/awt/event/MouseEvent;)V+48
j  java.awt.AWTEventMulticaster.mouseClicked(Ljava/awt/event/MouseEvent;)V+21
j  java.awt.AWTEventMulticaster.mouseClicked(Ljava/awt/event/MouseEvent;)V+8
j  java.awt.Component.processMouseEvent(Ljava/awt/event/MouseEvent;)V+74
j  javax.swing.JComponent.processMouseEvent(Ljava/awt/event/MouseEvent;)V+23
j  org.jdesktop.swingx.JXTreeTable.processMouseEvent(Ljava/awt/event/MouseEvent;)V+55
J  java.awt.Component.processEvent(Ljava/awt/AWTEvent;)V
J  java.awt.Container.processEvent(Ljava/awt/AWTEvent;)V
J  java.awt.Component.dispatchEventImpl(Ljava/awt/AWTEvent;)V
J  java.awt.Container.dispatchEventImpl(Ljava/awt/AWTEvent;)V
J  java.awt.LightweightDispatcher.retargetMouseEvent(Ljava/awt/Component;ILjava/awt/event/MouseEvent;)V
J  java.awt.LightweightDispatcher.processMouseEvent(Ljava/awt/event/MouseEvent;)Z
J  java.awt.LightweightDispatcher.dispatchEvent(Ljava/awt/AWTEvent;)Z
J  java.awt.Container.dispatchEventImpl(Ljava/awt/AWTEvent;)V
J  java.awt.Window.dispatchEventImpl(Ljava/awt/AWTEvent;)V
J  java.awt.EventQueue.dispatchEventImpl(Ljava/awt/AWTEvent;Ljava/lang/Object;)V
J  java.awt.EventQueue$2.run()Ljava/lang/Object;
v  ~StubRoutines::call_stub
J  java.security.AccessController.doPrivileged(Ljava/security/PrivilegedAction;Ljava/security/AccessControlContext;)Ljava/lang/Object;
J  java.security.AccessControlContext$1.doIntersectionPrivilege(Ljava/security/PrivilegedAction;Ljava/security/AccessControlContext;Ljava/security/AccessControlContext;)Ljava/lang/Object;
J  java.awt.EventQueue$3.run()Ljava/lang/Object;
v  ~StubRoutines::call_stub
J  java.security.AccessController.doPrivileged(Ljava/security/PrivilegedAction;Ljava/security/AccessControlContext;)Ljava/lang/Object;
J  java.awt.EventQueue.dispatchEvent(Ljava/awt/AWTEvent;)V
J  java.awt.EventDispatchThread.pumpOneEventForFilters(I)Z
j  java.awt.EventDispatchThread.pumpEventsForFilter(ILjava/awt/Conditional;Ljava/awt/EventFilter;)V+30
j  java.awt.EventDispatchThread.pumpEventsForHierarchy(ILjava/awt/Conditional;Ljava/awt/Component;)V+11
j  java.awt.EventDispatchThread.pumpEvents(ILjava/awt/Conditional;)V+4
j  java.awt.EventDispatchThread.pumpEvents(Ljava/awt/Conditional;)V+3
j  java.awt.EventDispatchThread.run()V+9
v  ~StubRoutines::call_stub

---------------  P R O C E S S  ---------------

Java Threads: ( => current thread )
  0x0258a000 JavaThread "DestroyJavaVM" [_thread_blocked, id=4424, stack(0x01c60000,0x01cb0000)]
  0x19295800 JavaThread "TimerQueue" daemon [_thread_blocked, id=3304, stack(0x19e00000,0x19e50000)]
=>0x196de000 JavaThread "AWT-EventQueue-0" [_thread_in_vm, id=5520, stack(0x194a0000,0x194f0000)]
  0x192e4400 JavaThread "AWT-Shutdown" [_thread_blocked, id=4200, stack(0x19b70000,0x19bc0000)]
  0x192e5000 JavaThread "AWT-Windows" daemon [_thread_in_native, id=4612, stack(0x19530000,0x19580000)]
  0x192e4000 JavaThread "Java2D Disposer" daemon [_thread_blocked, id=668, stack(0x19410000,0x19460000)]
  0x024ad400 JavaThread "Low Memory Detector" daemon [_thread_blocked, id=4116, stack(0x18e80000,0x18ed0000)]
  0x024a0c00 JavaThread "C1 CompilerThread0" daemon [_thread_blocked, id=5756, stack(0x18df0000,0x18e40000)]
  0x02491c00 JavaThread "JDWP Command Reader" daemon [_thread_in_native, id=4828, stack(0x18d60000,0x18db0000)]
  0x0248fc00 JavaThread "JDWP Event Helper Thread" daemon [_thread_blocked, id=3008, stack(0x18b40000,0x18b90000)]
  0x0248e400 JavaThread "JDWP Transport Listener: dt_socket" daemon [_thread_blocked, id=4976, stack(0x18a70000,0x18ac0000)]
  0x02483800 JavaThread "Attach Listener" daemon [_thread_blocked, id=3948, stack(0x188e0000,0x18930000)]
  0x02480800 JavaThread "Signal Dispatcher" daemon [_thread_blocked, id=5528, stack(0x18850000,0x188a0000)]
  0x02451400 JavaThread "Finalizer" daemon [_thread_blocked, id=5876, stack(0x187c0000,0x18810000)]
  0x0244cc00 JavaThread "Reference Handler" daemon [_thread_blocked, id=6092, stack(0x18730000,0x18780000)]

Other Threads:
  0x02448000 VMThread [stack: 0x186a0000,0x186f0000] [id=3336]
  0x024bf400 WatcherThread [stack: 0x18f50000,0x18fa0000] [id=5696]

VM state:not at safepoint (normal execution)

VM Mutex/Monitor currently owned by a thread: None

Heap
 def new generation   total 11584K, used 9492K [0x04590000, 0x05220000, 0x09ae0000)
  eden space 10304K,  86% used [0x04590000, 0x04e46388, 0x04fa0000)
  from space 1280K,  44% used [0x050e0000, 0x0516ed10, 0x05220000)
  to   space 1280K,   0% used [0x04fa0000, 0x04fa0000, 0x050e0000)
 tenured generation   total 25636K, used 15380K [0x09ae0000, 0x0b3e9000, 0x14590000)
   the space 25636K,  59% used [0x09ae0000, 0x0a9e5360, 0x0a9e5400, 0x0b3e9000)
 compacting perm gen  total 16896K, used 16860K [0x14590000, 0x15610000, 0x18590000)
   the space 16896K,  99% used [0x14590000, 0x15607210, 0x15607400, 0x15610000)
No shared spaces configured.

Code Cache  [0x02590000, 0x02978000, 0x04590000)
 total_blobs=2560 nmethods=2348 adapters=152 free_code_cache=29461824 largest_free_block=192

Dynamic libraries:
0x00400000 - 0x00425000 	C:\Program Files (x86)\Java\jdk1.6.0_45\bin\javaw.exe
0x776f0000 - 0x77870000 	C:\Windows\SysWOW64\ntdll.dll
0x759e0000 - 0x75af0000 	C:\Windows\syswow64\kernel32.dll
0x76f10000 - 0x76f57000 	C:\Windows\syswow64\KERNELBASE.dll
0x75730000 - 0x757d1000 	C:\Windows\syswow64\ADVAPI32.dll
0x75920000 - 0x759cc000 	C:\Windows\syswow64\msvcrt.dll
0x771d0000 - 0x771e9000 	C:\Windows\SysWOW64\sechost.dll
0x76b80000 - 0x76c70000 	C:\Windows\syswow64\RPCRT4.dll
0x74fe0000 - 0x75040000 	C:\Windows\syswow64\SspiCli.dll
0x74fd0000 - 0x74fdc000 	C:\Windows\syswow64\CRYPTBASE.dll
0x753b0000 - 0x754b0000 	C:\Windows\syswow64\USER32.dll
0x75e50000 - 0x75ee0000 	C:\Windows\syswow64\GDI32.dll
0x75e40000 - 0x75e4a000 	C:\Windows\syswow64\LPK.dll
0x75d90000 - 0x75e2d000 	C:\Windows\syswow64\USP10.dll
0x75060000 - 0x750c0000 	C:\Windows\system32\IMM32.DLL
0x75850000 - 0x7591d000 	C:\Windows\syswow64\MSCTF.dll
0x7c340000 - 0x7c396000 	C:\Program Files (x86)\Java\jdk1.6.0_45\jre\bin\msvcr71.dll
0x6d8e0000 - 0x6db90000 	C:\Program Files (x86)\Java\jdk1.6.0_45\jre\bin\client\jvm.dll
0x734c0000 - 0x734f2000 	C:\Windows\system32\WINMM.dll
0x70220000 - 0x7026c000 	C:\Windows\system32\apphelp.dll
0x6d890000 - 0x6d89c000 	C:\Program Files (x86)\Java\jdk1.6.0_45\jre\bin\verify.dll
0x6d3e0000 - 0x6d3ff000 	C:\Program Files (x86)\Java\jdk1.6.0_45\jre\bin\java.dll
0x6d430000 - 0x6d459000 	C:\Program Files (x86)\Java\jdk1.6.0_45\jre\bin\jdwp.dll
0x6d750000 - 0x6d756000 	C:\Program Files (x86)\Java\jdk1.6.0_45\jre\bin\npt.dll
0x6d8d0000 - 0x6d8df000 	C:\Program Files (x86)\Java\jdk1.6.0_45\jre\bin\zip.dll
0x6d2b0000 - 0x6d2b7000 	C:\Program Files (x86)\Java\jdk1.6.0_45\jre\bin\dt_socket.dll
0x772b0000 - 0x772e5000 	C:\Windows\syswow64\WS2_32.dll
0x77260000 - 0x77266000 	C:\Windows\syswow64\NSI.dll
0x70f90000 - 0x70fa0000 	C:\Windows\system32\NLAapi.dll
0x70190000 - 0x701a0000 	C:\Windows\system32\napinsp.dll
0x70170000 - 0x70182000 	C:\Windows\system32\pnrpnsp.dll
0x71f60000 - 0x71f9c000 	C:\Windows\System32\mswsock.dll
0x70fb0000 - 0x70ff4000 	C:\Windows\system32\DNSAPI.dll
0x70160000 - 0x70168000 	C:\Windows\System32\winrnr.dll
0x70130000 - 0x70151000 	C:\Program Files (x86)\Bonjour\mdnsNSP.dll
0x71bf0000 - 0x71c0c000 	C:\Windows\system32\Iphlpapi.DLL
0x71be0000 - 0x71be7000 	C:\Windows\system32\WINNSI.DLL
0x70100000 - 0x70127000 	C:\Program Files (x86)\Common Files\Microsoft Shared\Windows Live\WLIDNSP.DLL
0x759d0000 - 0x759d5000 	C:\Windows\syswow64\PSAPI.DLL
0x757f0000 - 0x75847000 	C:\Windows\syswow64\SHLWAPI.dll
0x700c0000 - 0x700f8000 	C:\Windows\System32\fwpuclnt.dll
0x700b0000 - 0x700b6000 	C:\Windows\system32\rasadhlp.dll
0x71f50000 - 0x71f55000 	C:\Windows\System32\wshtcpip.dll
0x71c10000 - 0x71c27000 	C:\Windows\system32\CRYPTSP.dll
0x71a90000 - 0x71acb000 	C:\Windows\system32\rsaenh.dll
0x75040000 - 0x75057000 	C:\Windows\syswow64\USERENV.dll
0x77270000 - 0x7727b000 	C:\Windows\syswow64\profapi.dll
0x6d6c0000 - 0x6d6d3000 	C:\Program Files (x86)\Java\jdk1.6.0_45\jre\bin\net.dll
0x74ab0000 - 0x74ab6000 	C:\Windows\System32\wship6.dll
0x6d0b0000 - 0x6d1fc000 	C:\Program Files (x86)\Java\jdk1.6.0_45\jre\bin\awt.dll
0x70860000 - 0x708b1000 	C:\Windows\system32\WINSPOOL.DRV
0x76da0000 - 0x76efd000 	C:\Windows\syswow64\ole32.dll
0x74480000 - 0x7461e000 	C:\Windows\WinSxS\x86_microsoft.windows.common-controls_6595b64144ccf1df_6.0.7601.18837_none_41e855142bd5705d\COMCTL32.dll
0x71000000 - 0x71013000 	C:\Windows\system32\DWMAPI.DLL
0x6d2e0000 - 0x6d336000 	C:\Program Files (x86)\Java\jdk1.6.0_45\jre\bin\fontmanager.dll
0x75ee0000 - 0x76b2b000 	C:\Windows\system32\shell32.dll
0x6d6e0000 - 0x6d6e9000 	C:\Program Files (x86)\Java\jdk1.6.0_45\jre\bin\nio.dll
0x75530000 - 0x755c1000 	C:\Windows\syswow64\OLEAUT32.DLL
0x74400000 - 0x74480000 	C:\Windows\system32\UxTheme.dll
0x6d250000 - 0x6d273000 	C:\Program Files (x86)\Java\jdk1.6.0_45\jre\bin\dcpr.dll

VM Arguments:
jvm_args: -agentlib:jdwp=transport=dt_socket,suspend=y,address=localhost:50133 -Dxy.reflect.ui.defaultCustomizationsActive=true -Dxy.reflect.ui.defaultCustomizationsEditable=true -Dxy.reflect.ui.customizationToolsCustomizationsFilePath=D:/prog/git/ReflectionUI/reflection-ui/src/main/resources/xy/reflect/ui/resource/customizations-tools.icu -Dfile.encoding=Cp1252 
java_command: ReflectionUITest
Launcher Type: SUN_STANDARD

Environment Variables:
JAVA_HOME=C:\Program Files\Java\jdk1.8.0_20
PATH=C:\Program Files (x86)\Java\jdk1.6.0_45\jre\bin;D:/prog/eclipse/jre/bin/client;D:/prog/eclipse/jre/bin;D:/prog/eclipse/jre/lib/i386;C:\ProgramData\Oracle\Java\javapath;C:\Program Files\Common Files\Microsoft Shared\Windows Live;C:\Program Files (x86)\Common Files\Microsoft Shared\Windows Live;C:\Program Files\Java\jdk1.8.0_20\bin;C:\Windows\system32;C:\Windows;C:\Windows\System32\Wbem;C:\Windows\System32\WindowsPowerShell\v1.0\;C:\Program Files (x86)\Jack\;Program Files (x86)\Windows Live\Shared;C:\Program Files\Microsoft Windows Performance Toolkit\;C:\Windows\system32\config\systemprofile\.dnx\bin;C:\Program Files\Microsoft DNX\Dnvm\;C:\Program Files (x86)\GNU\GnuPG\pub;D:\prog\eclipse;
USERNAME=olitank
OS=Windows_NT
PROCESSOR_IDENTIFIER=Intel64 Family 6 Model 60 Stepping 3, GenuineIntel



---------------  S Y S T E M  ---------------

OS: Windows 7 , 64 bit Build 7601 Service Pack 1

CPU:total 2 (2 cores per cpu, 1 threads per core) family 6 model 60 stepping 3, cmov, cx8, fxsr, mmx, sse, sse2, sse3, ssse3, sse4.1, sse4.2, popcnt

Memory: 4k page, physical 4053068k(1896196k free), swap 8104276k(4532108k free)

vm_info: Java HotSpot(TM) Client VM (20.45-b01) for windows-x86 JRE (1.6.0_45-b06), built on Mar 26 2013 13:40:03 by "java_re" with MS VC++ 7.1 (VS2003)

time: Sat Dec 17 22:24:09 2016
elapsed time: 2485 seconds

